<?xml version="1.0" encoding="UTF-8"?>
<testsuite xmlns:xsi="http://www.w3.org/2001/XMLSchema-instance" xsi:noNamespaceSchemaLocation="https://maven.apache.org/surefire/maven-surefire-plugin/xsd/surefire-test-report-3.0.xsd" version="3.0" name="com.taskboard.api.TaskboardApiApplicationTests" time="25.035" tests="1" errors="0" skipped="0" failures="0">
  <properties>
[...]
</properties>
  <testcase name="contextLoads" classname="com.taskboard.api.TaskboardApiApplicationTests" time="1.607">
    <system-out><![CDATA[15:52:39.889 [main] INFO org.springframework.test.context.support.AnnotationConfigContextLoaderUtils -- Could not detect default configuration classes for test class [com.taskboard.api.TaskboardApiApplicationTests]: TaskboardApiApplicationTests does not declare any static, non-private, non-final, nested classes annotated with @Configuration.
15:52:40.311 [main] INFO org.springframework.boot.test.context.SpringBootTestContextBootstrapper -- Found @SpringBootConfiguration com.taskboard.api.TaskboardApiApplication for test class com.taskboard.api.TaskboardApiApplicationTests
15:52:41.006 [main] INFO org.springframework.boot.devtools.restart.RestartApplicationListener -- Restart disabled due to context in which it is running

  .   ____          _            __ _ _
 /\\ / ___'_ __ _ _(_)_ __  __ _ \ \ \ \
( ( )\___ | '_ | '_| | '_ \/ _` | \ \ \ \
 \\/  ___)| |_)| | | | | || (_| |  ) ) ) )
  '  |____| .__|_| |_|_| |_\__, | / / / /
 =========|_|==============|___/=/_/_/_/
 :: Spring Boot ::                (v3.2.0)

2025-07-28T15:52:42.402+02:00  INFO 17692 --- [           main] c.t.api.TaskboardApiApplicationTests     : Starting TaskboardApiApplicationTests using Java 23.0.2 with PID 17692 (started by Vazant in C:\Job\self-education\Task-Management-Platform\src\backend)
2025-07-28T15:52:42.407+02:00 DEBUG 17692 --- [           main] c.t.api.TaskboardApiApplicationTests     : Running with Spring Boot v3.2.0, Spring v6.1.1
2025-07-28T15:52:42.409+02:00  INFO 17692 --- [           main] c.t.api.TaskboardApiApplicationTests     : No active profile set, falling back to 1 default profile: "default"
2025-07-28T15:52:45.720+02:00  INFO 17692 --- [           main] .s.d.r.c.RepositoryConfigurationDelegate : Bootstrapping Spring Data JPA repositories in DEFAULT mode.
2025-07-28T15:52:45.993+02:00  INFO 17692 --- [           main] .s.d.r.c.RepositoryConfigurationDelegate : Finished Spring Data repository scanning in 229 ms. Found 1 JPA repository interface.
2025-07-28T15:52:48.458+02:00  INFO 17692 --- [           main] o.hibernate.jpa.internal.util.LogHelper  : HHH000204: Processing PersistenceUnitInfo [name: default]
2025-07-28T15:52:48.846+02:00  INFO 17692 --- [           main] org.hibernate.Version                    : HHH000412: Hibernate ORM core version 6.3.1.Final
2025-07-28T15:52:49.061+02:00  INFO 17692 --- [           main] o.h.c.internal.RegionFactoryInitiator    : HHH000026: Second-level cache disabled
2025-07-28T15:52:50.107+02:00  INFO 17692 --- [           main] o.s.o.j.p.SpringPersistenceUnitInfo      : No LoadTimeWeaver setup: ignoring JPA class transformer
2025-07-28T15:52:50.221+02:00  INFO 17692 --- [           main] com.zaxxer.hikari.HikariDataSource       : HikariPool-1 - Starting...
2025-07-28T15:52:50.978+02:00  INFO 17692 --- [           main] com.zaxxer.hikari.pool.HikariPool        : HikariPool-1 - Added connection conn0: url=jdbc:h2:mem:taskboarddb user=SA
2025-07-28T15:52:50.999+02:00  INFO 17692 --- [           main] com.zaxxer.hikari.HikariDataSource       : HikariPool-1 - Start completed.
2025-07-28T15:52:51.078+02:00  WARN 17692 --- [           main] org.hibernate.orm.deprecation            : HHH90000025: H2Dialect does not need to be specified explicitly using 'hibernate.dialect' (remove the property setting and it will be selected by default)
2025-07-28T15:52:54.169+02:00  INFO 17692 --- [           main] o.h.e.t.j.p.i.JtaPlatformInitiator       : HHH000489: No JTA platform available (set 'hibernate.transaction.jta.platform' to enable JTA platform integration)
Hibernate: 
    create table users (
        id bigint generated by default as identity,
        is_account_non_expired boolean not null,
        is_account_non_locked boolean not null,
        avatar varchar(255),
        created_at timestamp(6) not null,
        is_credentials_non_expired boolean not null,
        email varchar(255) not null,
        is_enabled boolean not null,
        last_login timestamp(6),
        password varchar(255) not null,
        role varchar(255) not null check (role in ('USER','ADMIN')),
        username varchar(255) not null,
        primary key (id)
    )
Hibernate: 
    alter table if exists users 
       drop constraint if exists UK_6dotkott2kjsp8vw4d0m25fb7
Hibernate: 
    alter table if exists users 
       add constraint UK_6dotkott2kjsp8vw4d0m25fb7 unique (email)
Hibernate: 
    alter table if exists users 
       drop constraint if exists UK_r43af9ap4edm43mmtq01oddj6
Hibernate: 
    alter table if exists users 
       add constraint UK_r43af9ap4edm43mmtq01oddj6 unique (username)
2025-07-28T15:52:54.542+02:00  INFO 17692 --- [           main] j.LocalContainerEntityManagerFactoryBean : Initialized JPA EntityManagerFactory for persistence unit 'default'
2025-07-28T15:52:57.546+02:00  WARN 17692 --- [           main] JpaBaseConfiguration$JpaWebConfiguration : spring.jpa.open-in-view is enabled by default. Therefore, database queries may be performed during view rendering. Explicitly configure spring.jpa.open-in-view to disable this warning
2025-07-28T15:53:00.073+02:00  INFO 17692 --- [           main] o.s.s.web.DefaultSecurityFilterChain     : Will secure any request with [org.springframework.security.web.session.DisableEncodeUrlFilter@5e75cf7a, org.springframework.security.web.context.request.async.WebAsyncManagerIntegrationFilter@6f12fca0, org.springframework.security.web.context.SecurityContextHolderFilter@62977afb, org.springframework.security.web.header.HeaderWriterFilter@d863bb, org.springframework.web.filter.CorsFilter@12c30824, org.springframework.security.web.authentication.logout.LogoutFilter@1e4b9592, org.springframework.security.web.savedrequest.RequestCacheAwareFilter@77604a86, org.springframework.security.web.servletapi.SecurityContextHolderAwareRequestFilter@63fde7ca, org.springframework.security.web.authentication.AnonymousAuthenticationFilter@7d0e43d6, org.springframework.security.web.session.SessionManagementFilter@222a7429, org.springframework.security.web.access.ExceptionTranslationFilter@7c31e01f, org.springframework.security.web.access.intercept.AuthorizationFilter@38213efa]
2025-07-28T15:53:01.860+02:00  INFO 17692 --- [           main] o.s.b.a.h2.H2ConsoleAutoConfiguration    : H2 console available at '/h2-console'. Database available at 'jdbc:h2:mem:taskboarddb'
2025-07-28T15:53:02.304+02:00  INFO 17692 --- [           main] c.t.api.TaskboardApiApplicationTests     : Started TaskboardApiApplicationTests in 21.336 seconds (process running for 26.362)
]]></system-out>
    <system-err><![CDATA[WARNING: A Java agent has been loaded dynamically (C:\Users\Vazant\.m2\repository\net\bytebuddy\byte-buddy-agent\1.14.10\byte-buddy-agent-1.14.10.jar)
WARNING: If a serviceability tool is in use, please run with -XX:+EnableDynamicAgentLoading to hide this warning
WARNING: If a serviceability tool is not in use, please run with -Djdk.instrument.traceUsage for more information
WARNING: Dynamic loading of agents will be disallowed by default in a future release
]]></system-err>
  </testcase>
</testsuite>